c:\users\boxpc\lei\lei - trabalhos\lei\lei\4º ano\1º semestre\computação gráfica\praticas geral de cg\cg_1415\t3 - desenhar objecto\debug\objects.obj
c:\users\boxpc\lei\lei - trabalhos\lei\lei\4º ano\1º semestre\computação gráfica\praticas geral de cg\cg_1415\t3 - desenhar objecto\debug\vc100.pdb
c:\users\boxpc\lei\lei - trabalhos\lei\lei\4º ano\1º semestre\computação gráfica\praticas geral de cg\cg_1415\debug\t3 - desenhar objecto.ilk
c:\users\boxpc\lei\lei - trabalhos\lei\lei\4º ano\1º semestre\computação gráfica\praticas geral de cg\cg_1415\debug\t3 - desenhar objecto.exe
c:\users\boxpc\lei\lei - trabalhos\lei\lei\4º ano\1º semestre\computação gráfica\praticas geral de cg\cg_1415\t3 - desenhar objecto\debug\t3 - desenhar objecto.exe.intermediate.manifest
c:\users\boxpc\lei\lei - trabalhos\lei\lei\4º ano\1º semestre\computação gráfica\praticas geral de cg\cg_1415\debug\t3 - desenhar objecto.pdb
c:\users\ricardo\onedrive\lei\lei - trabalhos\lei\lei\4º ano\1º semestre\computação gráfica\praticas geral de cg\cg_1415\t3 - desenhar objecto\debug\t3 - desenhar objecto.vcxprojresolveassemblyreference.cache
c:\users\ricardo\onedrive\lei\lei - trabalhos\lei\lei\4º ano\1º semestre\computação gráfica\praticas geral de cg\cg_1415\t3 - desenhar objecto\debug\objects.obj
c:\users\ricardo\onedrive\lei\lei - trabalhos\lei\lei\4º ano\1º semestre\computação gráfica\praticas geral de cg\cg_1415\t3 - desenhar objecto\debug\cl.command.1.tlog
c:\users\ricardo\onedrive\lei\lei - trabalhos\lei\lei\4º ano\1º semestre\computação gráfica\praticas geral de cg\cg_1415\t3 - desenhar objecto\debug\cl.read.1.tlog
c:\users\ricardo\onedrive\lei\lei - trabalhos\lei\lei\4º ano\1º semestre\computação gráfica\praticas geral de cg\cg_1415\t3 - desenhar objecto\debug\cl.write.1.tlog
c:\users\ricardo\onedrive\lei\lei - trabalhos\lei\lei\4º ano\1º semestre\computação gráfica\praticas geral de cg\cg_1415\t3 - desenhar objecto\debug\link.command.1.tlog
c:\users\ricardo\onedrive\lei\lei - trabalhos\lei\lei\4º ano\1º semestre\computação gráfica\praticas geral de cg\cg_1415\t3 - desenhar objecto\debug\link.read.1.tlog
c:\users\ricardo\onedrive\lei\lei - trabalhos\lei\lei\4º ano\1º semestre\computação gráfica\praticas geral de cg\cg_1415\t3 - desenhar objecto\debug\link.write.1.tlog
c:\users\ricardo\onedrive\lei\lei - trabalhos\lei\lei\4º ano\1º semestre\computação gráfica\praticas geral de cg\cg_1415\t3 - desenhar objecto\debug\mt.command.1.tlog
c:\users\ricardo\onedrive\lei\lei - trabalhos\lei\lei\4º ano\1º semestre\computação gráfica\praticas geral de cg\cg_1415\t3 - desenhar objecto\debug\mt.read.1.tlog
c:\users\ricardo\onedrive\lei\lei - trabalhos\lei\lei\4º ano\1º semestre\computação gráfica\praticas geral de cg\cg_1415\t3 - desenhar objecto\debug\mt.write.1.tlog
c:\users\ricardo\onedrive\lei\lei - trabalhos\lei\lei\4º ano\1º semestre\computação gráfica\praticas geral de cg\cg_1415\t3 - desenhar objecto\debug\t3 - desenhar objecto.write.1.tlog
c:\users\ricardo\onedrive\lei\lei - trabalhos\lei\lei\4º ano\1º semestre\computação gráfica\praticas geral de cg\cg_1415\t3 - desenhar objecto\debug\t3 - desenhar objecto.exe.intermediate.manifest
c:\users\ricardo\onedrive\lei\lei - trabalhos\lei\lei\4º ano\1º semestre\computação gráfica\praticas geral de cg\cg_1415\t3 - desenhar objecto\debug\vc100.idb
c:\users\ricardo\onedrive\lei\lei - trabalhos\lei\lei\4º ano\1º semestre\computação gráfica\praticas geral de cg\cg_1415\t3 - desenhar objecto\debug\vc100.pdb
c:\users\ricardo\onedrive\lei\lei - trabalhos\lei\lei\4º ano\1º semestre\computação gráfica\praticas geral de cg\cg_1415\debug\t3 - desenhar objecto.pdb
c:\users\ricardo\onedrive\lei\lei - trabalhos\lei\lei\4º ano\1º semestre\computação gráfica\praticas geral de cg\cg_1415\debug\t3 - desenhar objecto.exe
c:\users\ricardo\onedrive\lei\lei - trabalhos\lei\lei\4º ano\1º semestre\computação gráfica\praticas geral de cg\cg_1415\debug\t3 - desenhar objecto.ilk
